<?xml version="1.0" encoding="UTF-8"?>
<testsuite name="com.dropbox.sign.api.EmbeddedApiTest" tests="2" skipped="0" failures="0" errors="0" timestamp="2023-08-24T19:39:32" hostname="b5deab9de8a4" time="0.015">
  <properties/>
  <testcase name="embeddedEditUrlTest" classname="com.dropbox.sign.api.EmbeddedApiTest" time="0.008"/>
  <testcase name="embeddedSignUrlTest" classname="com.dropbox.sign.api.EmbeddedApiTest" time="0.007"/>
  <system-out><![CDATA[]]></system-out>
  <system-err><![CDATA[]]></system-err>
</testsuite>
