<?xml version="1.0" encoding="UTF-8"?>
<testsuite name="com.dropbox.sign.api.ReportApiTest" tests="1" skipped="0" failures="0" errors="0" timestamp="2023-08-24T19:39:32" hostname="b5deab9de8a4" time="0.009">
  <properties/>
  <testcase name="reportCreateTest" classname="com.dropbox.sign.api.ReportApiTest" time="0.009"/>
  <system-out><![CDATA[]]></system-out>
  <system-err><![CDATA[]]></system-err>
</testsuite>
