<?xml version="1.0" encoding="UTF-8"?>
<testsuite name="com.dropbox.sign.api.BulkSendJobApiTest" tests="2" skipped="0" failures="0" errors="0" timestamp="2023-08-24T19:39:32" hostname="b5deab9de8a4" time="0.018">
  <properties/>
  <testcase name="bulkSendJobListTest" classname="com.dropbox.sign.api.BulkSendJobApiTest" time="0.007"/>
  <testcase name="bulkSendJobGetTest" classname="com.dropbox.sign.api.BulkSendJobApiTest" time="0.011"/>
  <system-out><![CDATA[]]></system-out>
  <system-err><![CDATA[]]></system-err>
</testsuite>
