<?xml version="1.0" encoding="UTF-8"?>
<testsuite name="com.dropbox.sign.SubFormFieldsPerDocumentTest" tests="3" skipped="0" failures="0" errors="0" timestamp="2023-08-24T19:39:31" hostname="b5deab9de8a4" time="0.034">
  <properties/>
  <testcase name="testSignersAllowsString" classname="com.dropbox.sign.SubFormFieldsPerDocumentTest" time="0.011"/>
  <testcase name="testSignersAllowsInt" classname="com.dropbox.sign.SubFormFieldsPerDocumentTest" time="0.009"/>
  <testcase name="testSubFormFieldsPerDocumentBase" classname="com.dropbox.sign.SubFormFieldsPerDocumentTest" time="0.012"/>
  <system-out><![CDATA[]]></system-out>
  <system-err><![CDATA[]]></system-err>
</testsuite>
