<?xml version="1.0" encoding="UTF-8"?>
<testsuite name="com.dropbox.sign.EventCallbackHelperTest" tests="1" skipped="0" failures="0" errors="0" timestamp="2023-08-24T19:39:31" hostname="b5deab9de8a4" time="0.387">
  <properties/>
  <testcase name="testIsValid" classname="com.dropbox.sign.EventCallbackHelperTest" time="0.387"/>
  <system-out><![CDATA[]]></system-out>
  <system-err><![CDATA[]]></system-err>
</testsuite>
