<?xml version="1.0" encoding="UTF-8"?>
<testsuite name="com.dropbox.sign.api.AccountApiTest" tests="5" skipped="0" failures="0" errors="0" timestamp="2023-08-24T19:39:31" hostname="b5deab9de8a4" time="0.652">
  <properties/>
  <testcase name="accountUpdateTest" classname="com.dropbox.sign.api.AccountApiTest" time="0.441"/>
  <testcase name="accountCreateTest" classname="com.dropbox.sign.api.AccountApiTest" time="0.006"/>
  <testcase name="accountGetTest" classname="com.dropbox.sign.api.AccountApiTest" time="0.004"/>
  <testcase name="testHttpCodeRange" classname="com.dropbox.sign.api.AccountApiTest" time="0.195"/>
  <testcase name="accountVerifyTest" classname="com.dropbox.sign.api.AccountApiTest" time="0.006"/>
  <system-out><![CDATA[]]></system-out>
  <system-err><![CDATA[]]></system-err>
</testsuite>
