<?xml version="1.0" encoding="UTF-8"?>
<testsuite name="com.dropbox.sign.api.UnclaimedDraftApiTest" tests="4" skipped="0" failures="0" errors="0" timestamp="2023-08-24T19:39:32" hostname="b5deab9de8a4" time="0.03">
  <properties/>
  <testcase name="unclaimedDraftCreateEmbeddedWithTemplateTest" classname="com.dropbox.sign.api.UnclaimedDraftApiTest" time="0.011"/>
  <testcase name="unclaimedDraftEditAndResendTest" classname="com.dropbox.sign.api.UnclaimedDraftApiTest" time="0.004"/>
  <testcase name="unclaimedDraftCreateEmbeddedTest" classname="com.dropbox.sign.api.UnclaimedDraftApiTest" time="0.006"/>
  <testcase name="unclaimedDraftCreateTest" classname="com.dropbox.sign.api.UnclaimedDraftApiTest" time="0.007"/>
  <system-out><![CDATA[]]></system-out>
  <system-err><![CDATA[]]></system-err>
</testsuite>
