<?xml version="1.0" encoding="UTF-8"?>
<testsuite name="com.dropbox.sign.FixtureTest" tests="1" skipped="0" failures="0" errors="0" timestamp="2023-08-24T19:39:31" hostname="b5deab9de8a4" time="0.156">
  <properties/>
  <testcase name="testFixture" classname="com.dropbox.sign.FixtureTest" time="0.156"/>
  <system-out><![CDATA[]]></system-out>
  <system-err><![CDATA[]]></system-err>
</testsuite>
